TN:
SF:index.js
FN:9,(anonymous_0)
FNF:1
FNH:1
FNDA:1,(anonymous_0)
DA:2,1
DA:3,1
DA:4,1
DA:7,1
DA:9,1
DA:10,1
DA:22,1
DA:23,1
DA:24,1
DA:27,1
DA:29,1
DA:31,1
DA:33,1
DA:34,0
DA:39,1
DA:40,1
DA:42,1
LF:17
LH:16
BRDA:33,0,0,0
BRDA:33,0,1,1
BRF:2
BRH:1
end_of_record
TN:
SF:lib\db.js
FN:6,(anonymous_0)
FNF:1
FNH:1
FNDA:3,(anonymous_0)
DA:3,1
DA:4,1
DA:6,1
DA:7,3
DA:8,1
DA:10,3
LF:6
LH:6
BRDA:7,0,0,1
BRDA:7,0,1,2
BRF:2
BRH:2
end_of_record
TN:
SF:models\agent.js
FN:6,setupAgentModel
FNF:1
FNH:1
FNDA:1,setupAgentModel
DA:3,1
DA:4,1
DA:6,1
DA:7,1
DA:9,1
LF:5
LH:5
BRF:0
BRH:0
end_of_record
TN:
SF:models\metric.js
FN:6,setupMetricModel
FNF:1
FNH:1
FNDA:1,setupMetricModel
DA:3,1
DA:4,1
DA:6,1
DA:7,1
DA:9,1
LF:5
LH:5
BRF:0
BRH:0
end_of_record
